Arguments: 
  /usr/local/bin/node /usr/local/bin/yarn add source-map-explorer

PATH: 
  /usr/local/bin:/usr/local/sbin:/usr/local/bin:/usr/bin:/bin:/usr/sbin:/sbin:/Library/Apple/usr/bin:/Users/spc/Desktop/My/mi-shop-admin/node_modules/.bin

Yarn version: 
  1.22.19

Node version: 
  16.17.0

Platform: 
  darwin x64

Trace: 
  Error: ENOENT: no such file or directory, copyfile '/Users/spc/Library/Caches/Yarn/v6/npm-strip-ansi-7.0.1-61740a08ce36b61e50e65653f07060d000975fb2-integrity/node_modules/strip-ansi/index.js' -> '/Users/spc/Desktop/My/mi-shop-admin/node_modules/cli-truncate/node_modules/strip-ansi/index.js'

npm manifest: 
  {
    "name": "mi-shop-admin",
    "version": "0.1.0",
    "private": true,
    "dependencies": {
      "@testing-library/jest-dom": "^5.16.5",
      "@testing-library/react": "^13.4.0",
      "@testing-library/user-event": "^13.5.0",
      "husky": "^8.0.1",
      "lint-staged": "^13.0.3",
      "prettier": "^2.7.1",
      "react": "^18.2.0",
      "react-dom": "^18.2.0",
      "react-scripts": "5.0.1",
      "web-vitals": "^2.1.4"
    },
    "scripts": {
      "start": "react-scripts start",
      "build": "react-scripts build",
      "test": "react-scripts test",
      "eject": "react-scripts eject",
      "analyze": "source-map-explorer 'build/static/js/*.js'"
    },
    "husky": {
      "hooks": {
        "pre-commit": "lint-staged"
      }
    },
    "lint-staged": {
      "src/**/*.{js,jsx,ts,tsx,json,css,scss,md}": [
        "prettier --write"
      ]
    },
    "eslintConfig": {
      "extends": [
        "react-app",
        "react-app/jest"
      ]
    },
    "browserslist": {
      "production": [
        ">0.2%",
        "not dead",
        "not op_mini all"
      ],
      "development": [
        "last 1 chrome version",
        "last 1 firefox version",
        "last 1 safari version"
      ]
    }
  }

yarn manifest: 
  No manifest

Lockfile: 
  No lockfile
